<?xml version="1.0" encoding="UTF-8"?>
<!--

    Copyright (C) 2000 - 2011 Silverpeas

    This program is free software: you can redistribute it and/or modify
    it under the terms of the GNU Affero General Public License as
    published by the Free Software Foundation, either version 3 of the
    License, or (at your option) any later version.

    As a special exception to the terms and conditions of version 3.0 of
    the GPL, you may redistribute this Program in connection with Free/Libre
    Open Source Software ("FLOSS") applications as described in Silverpeas's
    FLOSS exception.  You should have received a copy of the text describing
    the FLOSS exception, and it is also available here:
    "http://repository.silverpeas.com/legal/licensing"

    This program is distributed in the hope that it will be useful,
    but WITHOUT ANY WARRANTY; without even the implied warranty of
    MERCHANTABILITY or FITNESS FOR A PARTICULAR PURPOSE.  See the
    GNU Affero General Public License for more details.

    You should have received a copy of the GNU Affero General Public License
    along with this program.  If not, see <http://www.gnu.org/licenses/>.

-->

<dataset>
  <st_domain id="0" name="domainSilverpeas" description="default domain for Silverpeas"
    propfilename="com.stratelia.silverpeas.domains.domainSP"
    classname="com.stratelia.silverpeas.domains.silverpeasdriver.SilverpeasDriver" authenticationserver="autDomainSP"
    thetimestamp="0" silverpeasserverurl="http://localhost:8000" />

  <st_domain id="-1" name="internal" description="Do not remove - Used by Silverpeas engine" propfilename="-"
    classname="-" authenticationserver="-" thetimestamp="0" silverpeasserverurl="''" />

  <domainsp_user id="0" lastname="Administrateur" login="SilverAdmin" password="SPJmYbTN83aEs" passwordvalid="Y" />
  
  <st_user id="0" domainid="0" specificid="0" lastname="Administrateur" login="SilverAdmin" accesslevel="A" />

  <st_space id="3" name="MGI Coutier" description="''" createdby="0" firstpagetype="1"
    firstpageextraparam="indicateurs16" ordernum="2" createtime="1194276699849" updatetime="1205750893265"
    spacestatus="[NULL]" domainfatherid="[NULL]" updatedby="0" lang="fr" isinheritanceblocked="0" look="" />

  <domainsp_user id="12" firstname="Homer" lastname="Simpson" login="hsimpson" password="SPyj3vDk7LDtg"
    passwordvalid="Y" email="homer.simpson@silverpeas.com" />
  <domainsp_user id="11" firstname="Bart" lastname="Simpson" login="bsimpson" password="SPWEj.7amsdlQ" passwordvalid="Y"
    email="bart.simpson@silverpeas.com" />
  <domainsp_user id="13" firstname="Marge" lastname="Simpson" login="msimpson" password="SPRD7QJAXKf2o"
    passwordvalid="Y" email="marge.simpson@silverpeas.com" />
  <domainsp_user id="14" firstname="Lisa" lastname="Simpson" login="lsimpson" password="SPBbTn/fcfP3A" passwordvalid="Y"
    email="lisa.simpson@silverpeas.com" />
  <domainsp_user id="15" firstname="Maggie" lastname="Simpson" login="bbsimpson" password="SPF2co.HquBD."
    passwordvalid="Y" email="maggie.simpson@silverpeas.com" />

  <st_spaceuserrole id="2" spaceid="3" name="" rolename="admin" description="" isinherited="0" />
  <st_spaceuserrole id="3" spaceid="3" name="Manager d'espace" rolename="Manager" description="" isinherited="0" />
  <st_spaceuserrole id="4" spaceid="3" name="" rolename="reader" description="" isinherited="0" />


  <st_componentinstance id="45" spaceid="3" name="Liste de diffusion" componentname="mailinglist"
    description="Liste de diffusion de test" createdby="0" createtime="1205747025390" ispublic="1" ishidden="0"
    lang="fr" isinheritanceblocked="0" />

  <sc_mailinglist_list id="2c90815b18bc148e0118bc1f86c90002" version="0" componentid="mailinglist45" />

  <st_instance_data id="358" componentid="45" name="open" label="Ouverte" value="yes" />
  <st_instance_data id="359" componentid="45" name="name" label="Nom" value="Simpsons" />
  <st_instance_data id="360" componentid="45" name="notify" label="Diffusion" value="yes" />
  <st_instance_data id="361" componentid="45" name="subscribedAddress" label="Adresse de la liste de diffusion"
    value="thesimpsons@silverpeas.com" />
  <st_instance_data id="362" componentid="45" name="moderated" label="Liste modérée" value="yes" />
  <st_instance_data id="363" componentid="45" name="rss" label="Flux RSS" value="yes" />
  <st_user id="8" domainid="0" specificid="12" firstname="Homer" lastname="Simpson" email="homer.simpson@silverpeas.com"
    login="hsimpson" accesslevel="U" />
  <st_user id="7" domainid="0" specificid="11" firstname="Bart" lastname="Simpson" email="bart.simpson@silverpeas.com"
    login="bsimpson" accesslevel="U" />
  <st_user id="9" domainid="0" specificid="13" firstname="Marge" lastname="Simpson" email="marge.simpson@silverpeas.com"
    login="msimpson" accesslevel="U" />
  <st_user id="10" domainid="0" specificid="14" firstname="Lisa" lastname="Simpson" email="lisa.simpson@silverpeas.com"
    login="lsimpson" accesslevel="U" />
  <st_user id="11" domainid="0" specificid="15" firstname="Maggie" lastname="Simpson"
    email="maggie.simpson@silverpeas.com" login="bbsimpson" accesslevel="U" />

  <sc_mailinglist_internal_sub id="100" version="0" externalid="10"
    mailinglistid="2c90815b18bc148e0118bc1f86c90002" subscriber_type="user" />

  <st_notifdefaultaddress id="1" userid="7" notifaddressid="-12" />
  <st_notifdefaultaddress id="2" userid="8" notifaddressid="-12" />
  <st_notifdefaultaddress id="3" userid="9" notifaddressid="-12" />
  <st_notifdefaultaddress id="4" userid="10" notifaddressid="-12" />

  <personalization id="11" languages="en," look="Initial" personalwspace="WA3" thesaurusstatus="0" draganddropstatus="1"
     />
  <personalization id="7" languages="fr," look="Initial" personalwspace="WA3" thesaurusstatus="0" draganddropstatus="1"
     />
  <personalization id="8" languages="fr," look="Initial" personalwspace="WA3" thesaurusstatus="0" draganddropstatus="1"
     />
  <personalization id="9" languages="fr," look="Initial" personalwspace="WA3" thesaurusstatus="0" draganddropstatus="1"
     />
  <personalization id="10" languages="fr," look="Initial" personalwspace="WA3" thesaurusstatus="0" draganddropstatus="1"
     />
  <personalization id="0" languages="fr," look="Initial" personalwspace="WA3" thesaurusstatus="0" draganddropstatus="1"
     />


  <st_userrole id="58" instanceid="45" name="Gestionnaire" rolename="admin" isinherited="0" />
  <st_userrole id="59" instanceid="45" name="Modérateur" rolename="moderator" isinherited="0" />
  <st_userrole id="61" instanceid="45" name="Lecteurs" rolename="reader" isinherited="0" />

  <st_userrole_user_rel userroleid="58" userid="7" />
  <st_userrole_user_rel userroleid="59" userid="9" />
  <st_userrole_user_rel userroleid="59" userid="8" />
  <st_userrole_user_rel userroleid="61" userid="11" />

  <!--
    <uniqueid maxid="153" tablename="DomainSP_User"/>
    <uniqueid maxid="11" tablename="ST_User"/>
    <uniqueid maxid="45" tablename="ST_ComponentInstance"/>
    <uniqueid maxid="362" tablename="ST_Instance_Data"/>
    <uniqueid maxid="60" tablename="ST_UserRole"/>
  -->

  <sc_MAILINGLIST_MESSAGE id="1" version="1" title="Simple database message" attachmentsSize="10000"
    summary="Bonjour famille Simpson, j'espère que vous allez bien. Ici tout se passe bien et Krusty est très sympathique. Surtout depuis que Tahiti Bob est retourné en prison. Je dois remplacer l'homme canon dans"
    sender="bart.simpson@silverpeas.com" sentDate="2008-03-01 10:34:15.0000" mailId="0000001747b40c8d"
    referenceId="null" moderated="1" componentid="mailinglist45" messageYear="2008" messageMonth="2"
    contentType="text/plain"
    body="Bonjour famille Simpson, j'espère que vous allez bien. Ici tout se passe bien et Krusty est très sympathique. Surtout depuis que Tahiti Bob est retourné en prison. Je dois remplacer l'homme canon dans la prochaine émission.Bart" />

  <sc_MAILINGLIST_MESSAGE id="2" version="1" title="Simple database message 2" attachmentsSize="0"
    summary="Bonjour famille Simpson, j'espère que vous allez bien. Ici tout se passe bien et Krusty est très sympathique. Surtout depuis que Tahiti Bob est retourné en prison. Je dois remplacer l'homme canon dans"
    sender="bart.simpson@silverpeas.com" sentDate="2008-02-01 10:34:15.0000" mailId="0000001747b40c83"
    referenceId="null" moderated="1" componentid="mailinglist45" messageYear="2008" messageMonth="1"
    contentType="text/plain"
    body="Bonjour famille Simpson, j'espère que vous allez bien. Ici tout se passe bien et Krusty est très sympathique. Surtout depuis que Tahiti Bob est retourné en prison. Je dois remplacer l'homme canon dans la prochaine émission.Bart" />

  <sc_MAILINGLIST_MESSAGE id="3" version="1" title="Simple database message 3" attachmentsSize="0"
    summary="Bonjour famille Simpson, j'espère que vous allez bien. Ici tout se passe bien et Krusty est très sympathique. Surtout depuis que Tahiti Bob est retourné en prison. Je dois remplacer l'homme canon dans"
    sender="bart.simpson@silverpeas.com" sentDate="2008-03-02 10:34:15.0000" mailId="0000001747b40c95"
    referenceId="null" moderated="1" componentid="mailinglist45" messageYear="2008" messageMonth="2"
    contentType="text/plain"
    body="Bonjour famille Simpson, j'espère que vous allez bien. Ici tout se passe bien et Krusty est très sympathique. Surtout depuis que Tahiti Bob est retourné en prison. Je dois remplacer l'homme canon dans la prochaine émission.Bart" />

  <sc_MAILINGLIST_MESSAGE id="4" version="1" title="Simple database message 3" attachmentsSize="0"
    summary="Bonjour famille Simpson, j'espère que vous allez bien. Ici tout se passe bien et Krusty est très sympathique. Surtout depuis que Tahiti Bob est retourné en prison. Je dois remplacer l'homme canon dans"
    sender="bart.simpson@silverpeas.com" sentDate="2008-03-02 10:12:15.0000" mailId="0000001747b40c96"
    referenceId="null" moderated="1" componentid="mailinglist45" messageYear="2008" messageMonth="2"
    contentType="text/plain"
    body="Bonjour famille Simpson, j'espère que vous allez bien. Ici tout se passe bien et Krusty est très sympathique. Surtout depuis que Tahiti Bob est retourné en prison. Je dois remplacer l'homme canon dans la prochaine émission.Bart" />

  <sc_MAILINGLIST_MESSAGE id="5" version="1" title="Simple database message 3" attachmentsSize="0"
    summary="Bonjour famille Simpson, j'espère que vous allez bien. Ici tout se passe bien et Krusty est très sympathique. Surtout depuis que Tahiti Bob est retourné en prison. Je dois remplacer l'homme canon dans"
    sender="bart.simpson@silverpeas.com" sentDate="2007-11-02 10:34:15.0000" mailId="0000001747b40c91"
    referenceId="null" moderated="1" componentid="mailinglist45" messageYear="2007" messageMonth="10"
    contentType="text/plain"
    body="Bonjour famille Simpson, j'espère que vous allez bien. Ici tout se passe bien et Krusty est très sympathique. Surtout depuis que Tahiti Bob est retourné en prison. Je dois remplacer l'homme canon dans la prochaine émission.Bart" />

  <sc_MAILINGLIST_MESSAGE id="6" version="1" title="Simple database message 3" attachmentsSize="0"
    summary="Bonjour famille Simpson, j'espère que vous allez bien. Ici tout se passe bien et Krusty est très sympathique. Surtout depuis que Tahiti Bob est retourné en prison. Je dois remplacer l'homme canon dans"
    sender="bart.simpson@silverpeas.com" sentDate="2007-11-10 10:34:15.0000" mailId="0000001747b40c99"
    referenceId="null" moderated="1" componentid="mailinglist45" messageYear="2007" messageMonth="10"
    contentType="text/plain"
    body="Bonjour famille Simpson, j'espère que vous allez bien. Ici tout se passe bien et Krusty est très sympathique. Surtout depuis que Tahiti Bob est retourné en prison. Je dois remplacer l'homme canon dans la prochaine émission.Bart" />

  <sc_MAILINGLIST_MESSAGE id="7" version="1" title="Simple database message 3" attachmentsSize="0"
    summary="Bonjour famille Simpson, j'espère que vous allez bien. Ici tout se passe bien et Krusty est très sympathique. Surtout depuis que Tahiti Bob est retourné en prison. Je dois remplacer l'homme canon dans"
    sender="bart.simpson@silverpeas.com" sentDate="2007-12-02 10:34:15.0000" mailId="0000001747b40c09"
    referenceId="null" moderated="1" componentid="mailinglist45" messageYear="2007" messageMonth="11"
    contentType="text/plain"
    body="Bonjour famille Simpson, j'espère que vous allez bien. Ici tout se passe bien et Krusty est très sympathique. Surtout depuis que Tahiti Bob est retourné en prison. Je dois remplacer l'homme canon dans la prochaine émission.Bart" />

  <sc_mailinglist_MESSAGE id="8" version="1" title="Simple database message 3" attachmentsSize="0"
    summary="Bonjour famille Simpson, j'espère que vous allez bien. Ici tout se passe bien et Krusty est très sympathique. Surtout depuis que Tahiti Bob est retourné en prison. Je dois remplacer l'homme canon dans"
    sender="bart.simpson@silverpeas.com" sentDate="2007-12-23 10:34:15.0000" mailId="0000001747b40d67"
    referenceId="null" moderated="1" componentid="mailinglist45" messageYear="2007" messageMonth="11"
    contentType="text/plain"
    body="Bonjour famille Simpson, j'espère que vous allez bien. Ici tout se passe bien et Krusty est très sympathique. Surtout depuis que Tahiti Bob est retourné en prison. Je dois remplacer l'homme canon dans la prochaine émission.Bart" />

  <sc_mailinglist_MESSAGE id="9" version="1" title="Simple database message 3" attachmentsSize="0"
    summary="Bonjour famille Simpson, j'espère que vous allez bien. Ici tout se passe bien et Krusty est très sympathique. Surtout depuis que Tahiti Bob est retourné en prison. Je dois remplacer l'homme canon dans"
    sender="bart.simpson@silverpeas.com" sentDate="2008-01-02 10:34:15.0000" mailId="0000001747b40c21"
    referenceId="null" moderated="1" componentid="mailinglist45" messageYear="2008" messageMonth="0"
    contentType="text/plain"
    body="Bonjour famille Simpson, j'espère que vous allez bien. Ici tout se passe bien et Krusty est très sympathique. Surtout depuis que Tahiti Bob est retourné en prison. Je dois remplacer l'homme canon dans la prochaine émission.Bart" />

  <sc_mailinglist_MESSAGE id="10" version="1" title="Simple database message 3" attachmentsSize="0"
    summary="Bonjour famille Simpson, j'espère que vous allez bien. Ici tout se passe bien et Krusty est très sympathique. Surtout depuis que Tahiti Bob est retourné en prison. Je dois remplacer l'homme canon dans"
    sender="bart.simpson@silverpeas.com" sentDate="2008-02-20 10:34:15.0000" mailId="0000001747b40c36"
    referenceId="null" moderated="1" componentid="mailinglist45" messageYear="2008" messageMonth="1"
    contentType="text/plain"
    body="Bonjour famille Simpson, j'espère que vous allez bien. Ici tout se passe bien et Krusty est très sympathique. Surtout depuis que Tahiti Bob est retourné en prison. Je dois remplacer l'homme canon dans la prochaine émission.Bart" />

  <sc_mailinglist_MESSAGE id="11" version="1" title="Simple database message 11" attachmentsSize="0"
    summary="Bonjour famille Simpson, j'espère que vous allez bien. Ici tout se passe bien et Krusty est très sympathique. Surtout depuis que Tahiti Bob est retourné en prison. Je dois remplacer l'homme canon dans"
    sender="bart.simpson@silverpeas.com" sentDate="2008-02-21 10:34:15.0000" mailId="0000011747b40c36"
    referenceId="null" moderated="1" componentid="mailinglist45" messageYear="2008" messageMonth="1"
    contentType="text/plain"
    body="Bonjour famille Simpson, j'espère que vous allez bien. Ici tout se passe bien et Krusty est très sympathique. Surtout depuis que Tahiti Bob est retourné en prison. Je dois remplacer l'homme canon dans la prochaine émission.Bart" />

  <sc_mailinglist_MESSAGE id="12" version="1" title="Simple database message 12" attachmentsSize="0"
    summary="Bonjour famille Simpson, j'espère que vous allez bien. Ici tout se passe bien et Krusty est très sympathique. Surtout depuis que Tahiti Bob est retourné en prison. Je dois remplacer l'homme canon dans"
    sender="bart.simpson@silverpeas.com" sentDate="2008-02-22 10:34:15.0000" mailId="0000012747b40c36"
    referenceId="null" moderated="0" componentid="mailinglist45" messageYear="2008" messageMonth="1"
    contentType="text/plain"
    body="Bonjour famille Simpson, j'espère que vous allez bien. Ici tout se passe bien et Krusty est très sympathique. Surtout depuis que Tahiti Bob est retourné en prison. Je dois remplacer l'homme canon dans la prochaine émission.Bart" />

  <sc_mailinglist_MESSAGE id="13" version="1" title="Simple database message 13" attachmentsSize="0"
    summary="Bonjour famille Simpson, j'espère que vous allez bien. Ici tout se passe bien et Krusty est très sympathique. Surtout depuis que Tahiti Bob est retourné en prison. Je dois remplacer l'homme canon dans"
    sender="bart.simpson@silverpeas.com" sentDate="2008-02-23 10:34:15.0000" mailId="0000013747b40c36"
    referenceId="null" moderated="0" componentid="mailinglist45" messageYear="2008" messageMonth="1"
    contentType="text/plain"
    body="Bonjour famille Simpson, j'espère que vous allez bien. Ici tout se passe bien et Krusty est très sympathique. Surtout depuis que Tahiti Bob est retourné en prison. Je dois remplacer l'homme canon dans la prochaine émission.Bart" />

  <sc_MAILINGLIST_ATTACHMENT id="1" version="1" fileName="lemonde.html" attachmentSize="10000" messageId="1"
    contentType="text/html" attachmentPath="c:\tmp\uploads\componentId\mailId@silverpeas.com\lemonde.html" />

  <sc_mailinglist_external_user id="800" version="0" componentid="mailinglist45"
    listid="2c90815b18bc148e0118bc1f86c90002" email="barney.gumble@silverpeas.com" />
  <sc_mailinglist_external_user id="801" version="0" componentid="mailinglist45"
    listid="2c90815b18bc148e0118bc1f86c90002" email="julius.hibbert@silverpeas.com" />
  <sc_mailinglist_external_user id="802" version="0" componentid="mailinglist45"
    listid="2c90815b18bc148e0118bc1f86c90002" email="carl.carlson@silverpeas.com" />
  <sc_mailinglist_external_user id="803" version="0" componentid="mailinglist45"
    listid="2c90815b18bc148e0118bc1f86c90002" email="edna.krabappel@silverpeas.com" />
  <sc_mailinglist_external_user id="804" version="0" componentid="mailinglist45"
    listid="2c90815b18bc148e0118bc1f86c90002" email="nelson.muntz@silverpeas.com" />

  <calendartodo id="2" name="[emmanuel.hugonnet@silverpeas.com] : Simple database message 13 à modérer" description="13"
    delegatorid="mailinglist45" startday="2008/04/23" classification="private" priority="2" percentcompleted="-1"
    duration="-1" componentid="mailinglist45" externalid="message/13" />

  <calendartodoattendee todoid="2" userid="7" participationstatus="tentative" />
  <calendartodoattendee todoid="2" userid="8" participationstatus="tentative" />
  <calendartodoattendee todoid="2" userid="9" participationstatus="tentative" />
</dataset>