<?xml version="1.0" encoding="UTF-8"?>
<!--

    Copyright (C) 2000 - 2012 Silverpeas

    This program is free software: you can redistribute it and/or modify
    it under the terms of the GNU Affero General Public License as
    published by the Free Software Foundation, either version 3 of the
    License, or (at your option) any later version.

    As a special exception to the terms and conditions of version 3.0 of
    the GPL, you may redistribute this Program in connection with Free/Libre
    Open Source Software ("FLOSS") applications as described in Silverpeas's
    FLOSS exception.  You should have received a copy of the text describing
    the FLOSS exception, and it is also available here:
    "http://www.silverpeas.org/docs/core/legal/floss_exception.html"

    This program is distributed in the hope that it will be useful,
    but WITHOUT ANY WARRANTY; without even the implied warranty of
    MERCHANTABILITY or FITNESS FOR A PARTICULAR PURPOSE.  See the
    GNU Affero General Public License for more details.

    You should have received a copy of the GNU Affero General Public License
    along with this program.  If not, see <http://www.gnu.org/licenses/>.

-->

<dataset>
  <sc_mailinglist_MESSAGE id="1" version="1"
    title="Simple database message" attachmentsSize="10000"
    summary="Bonjour famille Simpson, j'espère que vous allez bien. Ici tout se passe bien et Krusty est très sympathique. Surtout depuis que Tahiti Bob est retourné en prison. Je dois remplacer l'homme canon dans"
    sender="bart.simpson@silverpeas.com"
    sentDate="2008-03-01 10:34:15.0000" mailId="0000001747b40c8d"
    referenceId="null" moderated="1" componentId="componentId"
    messageYear="2008" messageMonth="2" contentType="text/plain"
    body="Bonjour famille Simpson, j'espère que vous allez bien. Ici tout se passe bien et Krusty est très sympathique. Surtout depuis que Tahiti Bob est retourné en prison. Je dois remplacer l'homme canon dans la prochaine émission.Bart" />

  <sc_mailinglist_MESSAGE id="2" version="1"
    title="Simple database message 2" attachmentsSize="0"
    summary="Bonjour famille Simpson, j'espère que vous allez bien. Ici tout se passe bien et Krusty est très sympathique. Surtout depuis que Tahiti Bob est retourné en prison. Je dois remplacer l'homme canon dans"
    sender="bart.simpson@silverpeas.com"
    sentDate="2008-02-01 10:34:15.0000" mailId="0000001747b40c83"
    referenceId="null" moderated="1" componentId="componentId"
    messageYear="2008" messageMonth="1" contentType="text/plain"
    body="Bonjour famille Simpson, j'espère que vous allez bien. Ici tout se passe bien et Krusty est très sympathique. Surtout depuis que Tahiti Bob est retourné en prison. Je dois remplacer l'homme canon dans la prochaine émission.Bart" />

  <sc_mailinglist_MESSAGE id="3" version="1"
    title="Simple database message 3" attachmentsSize="0"
    summary="Bonjour famille Simpson, j'espère que vous allez bien. Ici tout se passe bien et Krusty est très sympathique. Surtout depuis que Tahiti Bob est retourné en prison. Je dois remplacer l'homme canon dans"
    sender="bart.simpson@silverpeas.com"
    sentDate="2008-03-02 10:34:15.0000" mailId="0000001747b40c95"
    referenceId="null" moderated="1" componentId="componentId"
    messageYear="2008" messageMonth="2"  contentType="text/plain"
    body="Bonjour famille Simpson, j'espère que vous allez bien. Ici tout se passe bien et Krusty est très sympathique. Surtout depuis que Tahiti Bob est retourné en prison. Je dois remplacer l'homme canon dans la prochaine émission.Bart" />

  <sc_mailinglist_MESSAGE id="4" version="1"
    title="Simple database message 3" attachmentsSize="0"
    summary="Bonjour famille Simpson, j'espère que vous allez bien. Ici tout se passe bien et Krusty est très sympathique. Surtout depuis que Tahiti Bob est retourné en prison. Je dois remplacer l'homme canon dans"
    sender="bart.simpson@silverpeas.com"
    sentDate="2008-03-02 10:12:15.0000" mailId="0000001747b40c96"
    referenceId="null" moderated="1" componentId="componentId"
    messageYear="2008" messageMonth="2"  contentType="text/plain"
    body="Bonjour famille Simpson, j'espère que vous allez bien. Ici tout se passe bien et Krusty est très sympathique. Surtout depuis que Tahiti Bob est retourné en prison. Je dois remplacer l'homme canon dans la prochaine émission.Bart" />

  <sc_mailinglist_MESSAGE id="5" version="1"
    title="Simple database message 3" attachmentsSize="0"
    summary="Bonjour famille Simpson, j'espère que vous allez bien. Ici tout se passe bien et Krusty est très sympathique. Surtout depuis que Tahiti Bob est retourné en prison. Je dois remplacer l'homme canon dans"
    sender="bart.simpson@silverpeas.com"
    sentDate="2007-11-02 10:34:15.0000" mailId="0000001747b40c91"
    referenceId="null" moderated="1" componentId="componentId"
    messageYear="2007" messageMonth="10"  contentType="text/plain"
    body="Bonjour famille Simpson, j'espère que vous allez bien. Ici tout se passe bien et Krusty est très sympathique. Surtout depuis que Tahiti Bob est retourné en prison. Je dois remplacer l'homme canon dans la prochaine émission.Bart" />

  <sc_mailinglist_MESSAGE id="6" version="1"
    title="Simple database message 3" attachmentsSize="0"
    summary="Bonjour famille Simpson, j'espère que vous allez bien. Ici tout se passe bien et Krusty est très sympathique. Surtout depuis que Tahiti Bob est retourné en prison. Je dois remplacer l'homme canon dans"
    sender="bart.simpson@silverpeas.com"
    sentDate="2007-11-10 10:34:15.0000" mailId="0000001747b40c99"
    referenceId="null" moderated="1" componentId="componentId"
    messageYear="2007" messageMonth="10" contentType="text/plain"
    body="Bonjour famille Simpson, j'espère que vous allez bien. Ici tout se passe bien et Krusty est très sympathique. Surtout depuis que Tahiti Bob est retourné en prison. Je dois remplacer l'homme canon dans la prochaine émission.Bart" />

  <sc_mailinglist_MESSAGE id="7" version="1"
    title="Simple database message 3" attachmentsSize="0"
    summary="Bonjour famille Simpson, j'espère que vous allez bien. Ici tout se passe bien et Krusty est très sympathique. Surtout depuis que Tahiti Bob est retourné en prison. Je dois remplacer l'homme canon dans"
    sender="bart.simpson@silverpeas.com"
    sentDate="2007-12-02 10:34:15.0000" mailId="0000001747b40c09"
    referenceId="null" moderated="1" componentId="componentId"
    messageYear="2007" messageMonth="11" contentType="text/plain"
    body="Bonjour famille Simpson, j'espère que vous allez bien. Ici tout se passe bien et Krusty est très sympathique. Surtout depuis que Tahiti Bob est retourné en prison. Je dois remplacer l'homme canon dans la prochaine émission.Bart" />

  <sc_mailinglist_MESSAGE id="8" version="1"
    title="Simple database message 3" attachmentsSize="0"
    summary="Bonjour famille Simpson, j'espère que vous allez bien. Ici tout se passe bien et Krusty est très sympathique. Surtout depuis que Tahiti Bob est retourné en prison. Je dois remplacer l'homme canon dans"
    sender="bart.simpson@silverpeas.com"
    sentDate="2007-12-23 10:34:15.0000" mailId="0000001747b40d67"
    referenceId="null" moderated="1" componentId="componentId"
    messageYear="2007" messageMonth="11" contentType="text/plain"
    body="Bonjour famille Simpson, j'espère que vous allez bien. Ici tout se passe bien et Krusty est très sympathique. Surtout depuis que Tahiti Bob est retourné en prison. Je dois remplacer l'homme canon dans la prochaine émission.Bart" />

  <sc_mailinglist_MESSAGE id="9" version="1"
    title="Simple database message 3" attachmentsSize="0"
    summary="Bonjour famille Simpson, j'espère que vous allez bien. Ici tout se passe bien et Krusty est très sympathique. Surtout depuis que Tahiti Bob est retourné en prison. Je dois remplacer l'homme canon dans"
    sender="bart.simpson@silverpeas.com"
    sentDate="2008-01-02 10:34:15.0000" mailId="0000001747b40c21"
    referenceId="null" moderated="1" componentId="componentId"
    messageYear="2008" messageMonth="0" contentType="text/plain"
    body="Bonjour famille Simpson, j'espère que vous allez bien. Ici tout se passe bien et Krusty est très sympathique. Surtout depuis que Tahiti Bob est retourné en prison. Je dois remplacer l'homme canon dans la prochaine émission.Bart" />

  <sc_mailinglist_MESSAGE id="10" version="1"
    title="Simple database message 3" attachmentsSize="0"
    summary="Bonjour famille Simpson, j'espère que vous allez bien. Ici tout se passe bien et Krusty est très sympathique. Surtout depuis que Tahiti Bob est retourné en prison. Je dois remplacer l'homme canon dans"
    sender="bart.simpson@silverpeas.com"
    sentDate="2008-02-20 10:34:15.0000" mailId="0000001747b40c36"
    referenceId="null" moderated="1" componentId="componentId"
    messageYear="2008" messageMonth="1" contentType="text/plain"
    body="Bonjour famille Simpson, j'espère que vous allez bien. Ici tout se passe bien et Krusty est très sympathique. Surtout depuis que Tahiti Bob est retourné en prison. Je dois remplacer l'homme canon dans la prochaine émission.Bart" />

  <sc_mailinglist_ATTACHMENT id="1" version="1" fileName="lemonde.html"
    attachmentSize="10000" messageId="1" contentType="text/html"
    attachmentPath="c:\tmp\uploads\componentId\mailId@silverpeas.com\lemonde.html" />
</dataset>