<?xml version="1.0" encoding="UTF-8"?>
<!--

    Copyright (C) 2000 - 2011 Silverpeas

    This program is free software: you can redistribute it and/or modify
    it under the terms of the GNU Affero General Public License as
    published by the Free Software Foundation, either version 3 of the
    License, or (at your option) any later version.

    As a special exception to the terms and conditions of version 3.0 of
    the GPL, you may redistribute this Program in connection with Free/Libre
    Open Source Software ("FLOSS") applications as described in Silverpeas's
    FLOSS exception.  You should have received a copy of the text describing
    the FLOSS exception, and it is also available here:
    "http://repository.silverpeas.com/legal/licensing"

    This program is distributed in the hope that it will be useful,
    but WITHOUT ANY WARRANTY; without even the implied warranty of
    MERCHANTABILITY or FITNESS FOR A PARTICULAR PURPOSE.  See the
    GNU Affero General Public License for more details.

    You should have received a copy of the GNU Affero General Public License
    along with this program.  If not, see <http://www.gnu.org/licenses/>.

-->

<dataset>
  <st_domain id="0" name="local" description="Domaine local" propfilename="com.stratelia.silverpeas.domains.domainSP"
    classname="com..silverpeas.domains.silverpeasdriver.SilverpeasDomainDriver" authenticationserver="autDomainSP"
    thetimestamp="0" silverpeasserverurl="http://localhost:8000" />
  <st_domain id="-1" name="internal" description="Do not remove - Used by Silverpeas engine" propfilename="-"
    classname="-" authenticationserver="-" thetimestamp="0" silverpeasserverurl="''" />

  <domainsp_user id="0" lastname="Administrateur" login="SilverAdmin" password="SPJmYbTN83aEs"
    passwordvalid="Y" />

  <st_user id="0" domainid="0" specificid="0" lastname="Administrateur" email="admin@silverpeas.com" login="SilverAdmin"
    accesslevel="A" />
  <st_user id="200" domainid="0" specificid="200" firstname="bart" lastname="simpson" email="bart.simpson@silverpeas.com"
    login="bsimpson" accesslevel="U" />
  <st_user id="201" domainid="0" specificid="201" firstname="lisa" lastname="simpson" email="lisa.simpson@silverpeas.com"
    login="lsimpson" accesslevel="U" />
  <st_user id="202" domainid="0" specificid="202" firstname="homer" lastname="simpson" email="homer.simpson@silverpeas.com"
    login="hsimpson" accesslevel="U" />
  <st_user id="203" domainid="0" specificid="203" firstname="marge" lastname="simpson" email="marge.simpson@silverpeas.com"
    login="msimpson" accesslevel="U" />
  <st_user id="204" domainid="0" specificid="204" firstname="maggie" lastname="simpson" email="maggie.simpson@silverpeas.com"
    login="magsimpson" accesslevel="U" />
  <st_user id="205" domainid="0" specificid="205" firstname="krusty" lastname="theklown" email="krusty.theklown@silverpeas.com"
    login="ktheklown" accesslevel="U" />

  <st_space id="3" name="MGI Coutier" description="''" createdby="0" firstpagetype="1" firstpageextraparam="indicateurs16"
    ordernum="2" createtime="1194276699849" updatetime="1205750893265" removetime="" spacestatus="" updatedby="0" lang="fr"
    isinheritanceblocked="0" look="" />

  <st_spaceuserrole id="2" spaceid="3" name="" rolename="admin" description="" isinherited="0" />
  <st_spaceuserrole id="3" spaceid="3" name="Manager d'espace" rolename="Manager" description=""
    isinherited="0" />
  <st_spaceuserrole id="4" spaceid="3" name="" rolename="reader" description="" isinherited="0" />

  <st_spaceuserrole_user_rel />

  <st_componentinstance name="Liste de diffusion de test" id="100" spaceid="3" componentname="mailingList"
    lang="fr" description="Gestion d'une liste de diffusion" ordernum="5" />
  <sc_mailinglist_list />
  <sc_mailinglist_external_user />
  <sc_mailinglist_internal_sub />

  <!--  Paramètres -->
  <st_instance_data name="notify" id="400" componentid="100" label="Liste de distribution / d'archivage"
    value="true" />
  <st_instance_data name="moderated" id="403" componentid="100" label="Liste de diffusion modérée"
    value="true" />
  <st_instance_data name="open" id="404" componentid="100" label="Liste de diffusion ouverte" value="no" />
  <st_instance_data name="subscribedAddress" id="405" componentid="100" label="Adresse"
    value="thesimpsons@silverpeas.com" />
  <st_instance_data name="rss" id="406" componentid="100" label="Flux RSS" value="yes" />
  <st_notifdefaultaddress />

  <st_userrole id="300" instanceid="100" rolename="admin" name="Gestionnaire" />
  <st_userrole id="301" instanceid="100" rolename="moderator" name="Modérateur" />
  <st_userrole id="302" instanceid="100" rolename="reader" name="Abonnés" />

  <!-- bart admin -->
  <st_userrole_user_rel userroleid="300" userid="200" />
  <!-- homer & marge moderator -->
  <st_userrole_user_rel userroleid="301" userid="202" />
  <st_userrole_user_rel userroleid="301" userid="203" />
  <!-- lisa & maggie subscribers -->
  <st_userrole_user_rel userroleid="302" userid="201" />
  <st_userrole_user_rel userroleid="302" userid="204" />

</dataset>