<?xml version="1.0" encoding="UTF-8"?>
<!--

    Copyright (C) 2000 - 2013 Silverpeas

    This program is free software: you can redistribute it and/or modify
    it under the terms of the GNU Affero General Public License as
    published by the Free Software Foundation, either version 3 of the
    License, or (at your option) any later version.

    As a special exception to the terms and conditions of version 3.0 of
    the GPL, you may redistribute this Program in connection with Free/Libre
    Open Source Software ("FLOSS") applications as described in Silverpeas's
    FLOSS exception.  You should have received a copy of the text describing
    the FLOSS exception, and it is also available here:
    "http://www.silverpeas.org/docs/core/legal/floss_exception.html"

    This program is distributed in the hope that it will be useful,
    but WITHOUT ANY WARRANTY; without even the implied warranty of
    MERCHANTABILITY or FITNESS FOR A PARTICULAR PURPOSE.  See the
    GNU Affero General Public License for more details.

    You should have received a copy of the GNU Affero General Public License
    along with this program.  If not, see <http://www.gnu.org/licenses/>.

-->
<dataset>
  <st_domain id="0" name="domainSilverpeas" description="default domain for Silverpeas" propfilename="com.stratelia.silverpeas.domains.domainSP"
    classname="com.silverpeas.domains.silverpeasdriver.SilverpeasDomainDriver" authenticationserver="autDomainSP"
    thetimestamp="0" silverpeasserverurl="http://localhost:8000" />

  <st_domain id="-1" name="internal" description="Do not remove - Used by Silverpeas engine" propfilename="-"
    classname="-" authenticationserver="-" thetimestamp="0" silverpeasserverurl="''" />

  <domainsp_user id="0" lastname="Administrateur" login="SilverAdmin" password="SPJmYbTN83aEs"
    passwordvalid="Y" />

  <st_user id="0" domainid="0" specificid="0" firstname="[NULL]" lastname="Administrateur" email="[NULL]" login="SilverAdmin" accesslevel="A" state='VALID' stateSaveDate='2012-01-01 00:00:00 0' />

  <st_notifdefaultaddress />

  <st_space id="3" name="Espace de Test" description="''" createdby="0" firstpagetype="1" firstpageextraparam="indicateurs16"
    ordernum="2" createtime="1194276699849" updatetime="1205750893265" removetime="" spacestatus="" updatedby="0" lang="fr"
    isinheritanceblocked="0" look="" />

  <st_spaceuserrole id="2" spaceid="3" name="" rolename="admin" description="" isinherited="0" />
  <st_spaceuserrole id="3" spaceid="3" name="Manager d'espace" rolename="Manager" description=""
    isinherited="0" />
  <st_spaceuserrole id="4" spaceid="3" name="" rolename="reader" description="" isinherited="0" />

  <st_spaceuserrole_user_rel />

  <st_componentinstance name="Liste archivage non modérée et ouverte avec un gestionnaire" id="100"
    spaceid="3" componentname="mailinglist" lang="fr"
    description="Gestion d'une liste d'archivage non modérée et ouverte avec un gestionnaire" ordernum="5" />
  <st_componentinstance name="Liste archivage non modérée et ouverte avec un lecteur abonné" id="101"
    spaceid="3" componentname="mailinglist" lang="fr"
    description="Gestion d'une liste d'archivage non modérée et ouverte avec un lecteur abonné" ordernum="5" />
  <st_componentinstance name="Liste archivage modérée et fermée avec un lecteur abonné" id="102"
    spaceid="3" componentname="mailinglist" lang="fr"
    description="Gestion d'une liste d'archivage modérée et fermée avec un lecteur abonné" ordernum="5" />

  <sc_mailinglist_list id="600" version="0" componentid="100" />
  <sc_mailinglist_list id="601" version="0" componentid="101" />
  <sc_mailinglist_list id="602" version="0" componentid="102" />

  <sc_mailinglist_internal_sub id="110" version="0" externalid="202" mailinglistid="601"
    subscriber_type="user" />
  <sc_mailinglist_internal_sub id="111" version="0" externalid="202" mailinglistid="602"
    subscriber_type="user" />

  <sc_mailinglist_message id="701" version="0" componentid="101" title="Simple Message"
    attachmentsSize="0"
    summary="Bonjour famille Simpson, j'espère que vous allez bien. Ici tout se passe bien et Krusty est très sympathique. Surtout depuis que Tahiti Bob est retourné en prison. Je dois remplacer l'homme canon dans"
    sender="bart.simpson@silverpeas.com" mailid="E1JN8j3-00011F-6C@silverpeas.com" sentDate="2008-02-01 10:34:15.0000"
    referenceId="null" moderated="1" messageYear="2008" messageMonth="1" contentType="text/plain"
    body="Bonjour famille Simpson, j'espère que vous allez bien. Ici tout se passe bien et Krusty est très sympathique. Surtout depuis que Tahiti Bob est retourné en prison. Je dois remplacer l'homme canon dans la prochaine émission.Bart" />
  <sc_mailinglist_message id="702" version="0" componentid="102" title="Simple Message"
    attachmentsSize="0"
    summary="Bonjour famille Simpson, j'espère que vous allez bien. Ici tout se passe bien et Krusty est très sympathique. Surtout depuis que Tahiti Bob est retourné en prison. Je dois remplacer l'homme canon dans"
    sender="bart.simpson@silverpeas.com" mailid="E1JN8j3-00011F-6E@silverpeas.com" sentDate="2008-02-01 10:34:15.0000"
    referenceId="null" moderated="1" messageYear="2008" messageMonth="1" contentType="text/plain"
    body="Bonjour famille Simpson, j'espère que vous allez bien. Ici tout se passe bien et Krusty est très sympathique. Surtout depuis que Tahiti Bob est retourné en prison. Je dois remplacer l'homme canon dans la prochaine émission.Bart" />
  <sc_mailinglist_attachment />
  <sc_mailinglist_external_user />

  <!--  Paramètres -->
  <st_instance_data name="name" id="400" componentid="100" label="Nom de la liste de diffusion" value="Liste de Test" />
  <st_instance_data name="notify" id="401" componentid="100" label="Liste de distribution / d'archivage"
    value="true" />
  <st_instance_data name="public" id="402" componentid="100" label="Visibilité publique" value="no" />
  <st_instance_data name="moderated" id="403" componentid="100" label="Liste de diffusion modérée"
    value="yes" />
  <st_instance_data name="open" id="404" componentid="100" label="Liste de diffusion ouverte" value="no" />
  <st_instance_data name="subscribedAddress" id="405" componentid="100" label="Adresse"
    value="thesimpsons@silverpeas.com" />
  <st_instance_data id="406" componentid="100" name="rss" label="Flux RSS" value="yes" />

  <st_instance_data name="name" id="410" componentid="101" label="Nom de la liste de diffusion" value="Liste de Test" />
  <st_instance_data name="notify" id="411" componentid="101" label="Liste de distribution / d'archivage"
    value="false" />
  <st_instance_data name="public" id="412" componentid="101" label="Visibilité publique" value="false" />
  <st_instance_data name="moderated" id="413" componentid="101" label="Liste de diffusion modérée"
    value="false" />
  <st_instance_data name="open" id="414" componentid="101" label="Liste de diffusion ouverte" value="yes" />
  <st_instance_data name="subscribedAddress" id="415" componentid="101" label="Adresse"
    value="thesimpsons@silverpeas.com" />
  <st_instance_data id="416" componentid="101" name="rss" label="Flux RSS" value="no" />

  <!--  Paramètres -->
  <st_instance_data name="name" id="420" componentid="102" label="Nom de la liste de diffusion" value="Liste de Test" />
  <st_instance_data name="notify" id="421" componentid="102" label="Liste de distribution / d'archivage"
    value="no" />
  <st_instance_data name="public" id="422" componentid="102" label="Visibilité publique" value="false" />
  <st_instance_data name="moderated" id="423" componentid="102" label="Liste de diffusion modérée"
    value="yes" />
  <st_instance_data name="open" id="424" componentid="102" label="Liste de diffusion ouverte" value="no" />
  <st_instance_data name="subscribedAddress" id="425" componentid="102" label="Adresse"
    value="thesimpsons@silverpeas.com" />
  <st_instance_data id="426" componentid="102" name="rss" label="Flux RSS" value="no" />


  <st_user id="200" domainid="0" specificid="200" firstname="bart" lastname="simpson" email="bart.simpson@silverpeas.com"
    login="bsimpson" accesslevel="U" state='VALID' stateSaveDate='2012-01-01 00:00:00 0' />
  <st_user id="202" domainid="0" specificid="201" firstname="lisa" lastname="simpson" email="lisa.simpson@silverpeas.com"
    login="lsimpson" accesslevel="U" state='VALID' stateSaveDate='2012-01-01 00:00:00 0' />
  <st_user id="201" domainid="0" specificid="204" firstname="maggie" lastname="simpson" email="maggie.simpson@silverpeas.com"
    login="magsimpson" accesslevel="U" state='VALID' stateSaveDate='2012-01-01 00:00:00 0' />

  <st_userrole id="300" instanceid="100" rolename="admin" name="Gestionnaire" />
  <st_userrole id="301" instanceid="100" rolename="moderator" name="Modérateur" />
  <st_userrole id="302" instanceid="100" rolename="reader" name="Lecteurs" />

  <st_userrole id="310" instanceid="101" rolename="admin" name="Gestionnaire" />
  <st_userrole id="311" instanceid="101" rolename="moderator" name="Modérateur" />
  <st_userrole id="312" instanceid="101" rolename="reader" name="Lecteurs" />

  <st_userrole id="320" instanceid="102" rolename="admin" name="Gestionnaire" />
  <st_userrole id="321" instanceid="102" rolename="moderator" name="Modérateur" />
  <st_userrole id="322" instanceid="102" rolename="reader" name="Lecteurs" />

  <!-- bart admin -->
  <st_userrole_user_rel userroleid="300" userid="200" />
  <st_userrole_user_rel userroleid="310" userid="200" />
  <st_userrole_user_rel userroleid="320" userid="200" />
  <!-- maggie reader -->
  <st_userrole_user_rel userroleid="312" userid="201" />
  <!-- lisa reader -->
  <st_userrole_user_rel userroleid="322" userid="202" />
  
  
  <st_notifchannel id="1" name="SMTP" description="For test purpose only" couldBeAdded="Y" fromAvailable="E" subjectAvailable="Y" />

</dataset>