<?xml version="1.0" encoding="UTF-8"?>
<!--

    Copyright (C) 2000 - 2011 Silverpeas

    This program is free software: you can redistribute it and/or modify
    it under the terms of the GNU Affero General Public License as
    published by the Free Software Foundation, either version 3 of the
    License, or (at your option) any later version.

    As a special exception to the terms and conditions of version 3.0 of
    the GPL, you may redistribute this Program in connection with Free/Libre
    Open Source Software ("FLOSS") applications as described in Silverpeas's
    FLOSS exception.  You should have received a copy of the text describing
    the FLOSS exception, and it is also available here:
    "http://repository.silverpeas.com/legal/licensing"

    This program is distributed in the hope that it will be useful,
    but WITHOUT ANY WARRANTY; without even the implied warranty of
    MERCHANTABILITY or FITNESS FOR A PARTICULAR PURPOSE.  See the
    GNU Affero General Public License for more details.

    You should have received a copy of the GNU Affero General Public License
    along with this program.  If not, see <http://www.gnu.org/licenses/>.

-->
<dataset>


  <SILVERPEAS.st_domain id="0" name="local" description="Domaine local" propfilename="com.stratelia.silverpeas.domains.domainSP"
    classname="com.stratelia.silverpeas.domains.silverpeasdriver.SilverpeasDriver" authenticationserver="autDomainSP"
    thetimestamp="0" silverpeasserverurl="http://localhost:8000" />
  <SILVERPEAS.st_domain id="-1" name="internal" description="Do not remove - Used by Silverpeas engine" propfilename="-"
    classname="-" authenticationserver="-" thetimestamp="0" silverpeasserverurl="''" />

  <SILVERPEAS.domainsp_user id="0" lastname="Administrateur" login="SilverAdmin" password="SPJmYbTN83aEs" passwordvalid="Y" />

  <SILVERPEAS.st_user id="0" domainid="0" specificid="0" firstname="[NULL]" lastname="Administrateur" email="[NULL]" login="SilverAdmin" accesslevel="A" />

  <SILVERPEAS.st_space id="3" name="MGI Coutier" description="''" createdby="0" firstpagetype="1"
    firstpageextraparam="indicateurs16" ordernum="2" createtime="1194276699849" updatetime="1205750893265" removetime=""
    spacestatus="" updatedby="0" lang="fr" isinheritanceblocked="0" look="" />

  <SILVERPEAS.st_spaceuserrole id="2" spaceid="3" name="" rolename="admin" description="" isinherited="0" />
  <SILVERPEAS.st_spaceuserrole id="3" spaceid="3" name="Manager d'espace" rolename="Manager" description="" isinherited="0" />
  <SILVERPEAS.st_spaceuserrole id="4" spaceid="3" name="" rolename="reader" description="" isinherited="0" />

  <SILVERPEAS.st_spaceuserrole_user_rel />

  <SILVERPEAS.st_componentinstance name="Liste de diffusion de test" id="100" spaceid="3" componentname="mailingList" lang="fr"
    description="Gestion d'une liste de diffusion" ordernum="5" />

  <SILVERPEAS.sc_mailinglist_list id="600" version="0" componentid="100" />

  <SILVERPEAS.sc_mailinglist_message id="700" version="0" componentid="100" title="Simple Message" attachmentsSize="0"
    summary="Bonjour famille Simpson, j'espère que vous allez bien. Ici tout se passe bien et Krusty est très sympathique. Surtout depuis que Tahiti Bob est retourné en prison. Je dois remplacer l'homme canon dans"
    sender="bart.simpson@silverpeas.com" mailid="E1JN8j3-00011F-6C@silverpeas.com" sentDate="2008-02-01 10:34:15.0000"
    referenceId="null" moderated="1" messageYear="2008" messageMonth="1" contentType="text/plain"
    body="Bonjour famille Simpson, j'espère que vous allez bien. Ici tout se passe bien et Krusty est très sympathique. Surtout depuis que Tahiti Bob est retourné en prison. Je dois remplacer l'homme canon dans la prochaine émission.Bart" />

  <SILVERPEAS.sc_mailinglist_external_user id="800" version="0" componentid="100" listid="600" email="bart.simpson@silverpeas.com" />
  <SILVERPEAS.sc_mailinglist_external_user id="801" version="0" componentid="100" listid="600"
    email="homer.simpson@silverpeas.com" />
  <SILVERPEAS.sc_mailinglist_external_user id="802" version="0" componentid="100" listid="600" email="lisa.simpson@silverpeas.com" />
  <SILVERPEAS.sc_mailinglist_external_user id="803" version="0" componentid="100" listid="600"
    email="marge.simpson@silverpeas.com" />
  <SILVERPEAS.sc_mailinglist_external_user id="804" version="0" componentid="100" listid="600"
    email="maggie.simpson@silverpeas.com" />
  <SILVERPEAS.sc_mailinglist_external_user id="805" version="0" componentid="100" listid="600" email="ned.flanders@silverpeas.com" />
  <SILVERPEAS.sc_mailinglist_external_user id="806" version="0" componentid="100" listid="600"
    email="maude.flanders@silverpeas.com" />
  <SILVERPEAS.sc_mailinglist_external_user id="807" version="0" componentid="100" listid="600" email="rod.flanders@silverpeas.com" />
  <SILVERPEAS.sc_mailinglist_external_user id="808" version="0" componentid="100" listid="600"
    email="todd.flanders@silverpeas.com" />
  <SILVERPEAS.sc_mailinglist_external_user id="809" version="0" componentid="100" listid="600"
    email="krusty.theklown@silverpeas.com" />
  <SILVERPEAS.sc_mailinglist_external_user id="810" version="0" componentid="100" listid="600"
    email="selma.bouvier@silverpeas.com" />
  <SILVERPEAS.sc_mailinglist_external_user id="811" version="0" componentid="100" listid="600"
    email="patty.bouvier@silverpeas.com" />

  <SILVERPEAS.sc_mailinglist_internal_sub id="100" version="0" externalid="201" mailinglistid="600" subscriber_type="user" />
  <SILVERPEAS.sc_mailinglist_internal_sub id="101" version="0" externalid="204" mailinglistid="600" subscriber_type="user" />

  <!--  Paramètres -->
  <SILVERPEAS.st_instance_data name="notify" id="400" componentid="100" label="Liste de distribution / d'archivage" value="true" />
  <SILVERPEAS.st_instance_data name="name" id="401" componentid="100" label="Nom de la liste de diffusion" value="Liste de Test" />
  <SILVERPEAS.st_instance_data name="public" id="402" componentid="100" label="Visibilité publique" value="true" />
  <SILVERPEAS.st_instance_data name="moderated" id="403" componentid="100" label="Liste de diffusion modérée" value="true" />
  <SILVERPEAS.st_instance_data name="open" id="404" componentid="100" label="Liste de diffusion ouverte" value="no" />
  <SILVERPEAS.st_instance_data name="subscribedAddress" id="405" componentid="100" label="Adresse"
    value="thesimpsons@silverpeas.com" />

  <SILVERPEAS.st_user id="200" domainid="0" specificid="200" firstname="bart" lastname="simpson"
    email="bart.simpson@silverpeas.com" login="bsimpson" accesslevel="U" />
  <SILVERPEAS.st_user id="201" domainid="0" specificid="201" firstname="lisa" lastname="simpson"
    email="lisa.simpson@silverpeas.com" login="lsimpson" accesslevel="U" />
  <SILVERPEAS.st_user id="202" domainid="0" specificid="202" firstname="homer" lastname="simpson"
    email="homer.simpson@silverpeas.com" login="hsimpson" accesslevel="U" />
  <SILVERPEAS.st_user id="203" domainid="0" specificid="203" firstname="marge" lastname="simpson"
    email="marge.simpson@silverpeas.com" login="msimpson" accesslevel="U" />
  <SILVERPEAS.st_user id="204" domainid="0" specificid="204" firstname="maggie" lastname="simpson"
    email="maggie.simpson@silverpeas.com" login="magsimpson" accesslevel="U" />
  <SILVERPEAS.st_user id="205" domainid="0" specificid="205" firstname="krusty" lastname="theklown"
    email="krusty.theklown@silverpeas.com" login="ktheklown" accesslevel="U" />

  <SILVERPEAS.st_userrole id="300" instanceid="100" rolename="admin" name="Gestionnaire" />
  <SILVERPEAS.st_userrole id="301" instanceid="100" rolename="moderator" name="Modérateur" />
  <SILVERPEAS.st_userrole id="302" instanceid="100" rolename="subscriber" name="Abonnés" />
  <!-- bart admin -->
  <SILVERPEAS.st_userrole_user_rel userroleid="300" userid="200" />
  <!-- homer & marge moderator -->
  <SILVERPEAS.st_userrole_user_rel userroleid="301" userid="202" />
  <SILVERPEAS.st_userrole_user_rel userroleid="301" userid="203" />
  <!-- lisa & maggie subscribers -->
  <SILVERPEAS.st_userrole_user_rel userroleid="302" userid="201" />
  <SILVERPEAS.st_userrole_user_rel userroleid="302" userid="204" />

  <SILVERPEAS.ST_NOTIFDEFAULTADDRESS />
</dataset>